  demos.cpp
E:\Projects\NEPath\NEPath-master\ContourParallel.h(26,34): warning C4244: “初始化”: 从“double”转换到“const int”，可能丢失数据
  Basic.cpp
  ContourParallel.cpp
E:\Projects\NEPath\NEPath-master\ContourParallel.h(26,34): warning C4244: “初始化”: 从“double”转换到“const int”，可能丢失数据
E:\Projects\NEPath\NEPath-master\ContourParallel.cpp(66,25): warning C4244: “return”: 从“double”转换到“ClipperLib::cInt”，可能丢失数据
E:\Projects\NEPath\NEPath-master\ContourParallel.cpp(86,21): warning C4267: “=”: 从“size_t”转换到“int”，可能丢失数据
E:\Projects\NEPath\NEPath-master\ContourParallel.cpp(212,66): warning C4267: “=”: 从“size_t”转换到“int”，可能丢失数据
E:\Projects\NEPath\NEPath-master\ContourParallel.cpp(313,65): warning C4267: “=”: 从“size_t”转换到“int”，可能丢失数据
  Curve.cpp
E:\Projects\NEPath\NEPath-master\Curve.cpp(141,20): warning C4244: “初始化”: 从“double”转换到“int”，可能丢失数据
E:\Projects\NEPath\NEPath-master\Curve.cpp(142,18): warning C4244: “初始化”: 从“double”转换到“int”，可能丢失数据
E:\Projects\NEPath\NEPath-master\Curve.cpp(200,20): warning C4244: “=”: 从“double”转换到“int”，可能丢失数据
E:\Projects\NEPath\NEPath-master\Curve.cpp(237,15): warning C4244: “初始化”: 从“double”转换到“int”，可能丢失数据
E:\Projects\NEPath\NEPath-master\Curve.cpp(284,15): warning C4244: “初始化”: 从“double”转换到“int”，可能丢失数据
E:\Projects\NEPath\NEPath-master\Curve.cpp(402,41): warning C4244: “=”: 从“double”转换到“int”，可能丢失数据
E:\Projects\NEPath\NEPath-master\Curve.cpp(403,41): warning C4244: “=”: 从“double”转换到“int”，可能丢失数据
E:\Projects\NEPath\NEPath-master\Curve.cpp(433,16): warning C4244: “初始化”: 从“double”转换到“int”，可能丢失数据
E:\Projects\NEPath\NEPath-master\Curve.cpp(443,16): warning C4244: “初始化”: 从“double”转换到“int”，可能丢失数据
E:\Projects\NEPath\NEPath-master\Curve.cpp(453,9): warning C4244: “初始化”: 从“double”转换到“int”，可能丢失数据
E:\Projects\NEPath\NEPath-master\Curve.cpp(458,14): warning C4244: “初始化”: 从“double”转换到“int”，可能丢失数据
  DirectionParallel.cpp
E:\Projects\NEPath\NEPath-master\ContourParallel.h(26,34): warning C4244: “初始化”: 从“double”转换到“const int”，可能丢失数据
E:\Projects\NEPath\NEPath-master\DirectionParallel.cpp(77,10): warning C4244: “初始化”: 从“double”转换到“int”，可能丢失数据
E:\Projects\NEPath\NEPath-master\DirectionParallel.cpp(84,10): warning C4244: “初始化”: 从“double”转换到“int”，可能丢失数据
E:\Projects\NEPath\NEPath-master\DirectionParallel.cpp(85,11): warning C4244: “初始化”: 从“double”转换到“int”，可能丢失数据
E:\Projects\NEPath\NEPath-master\DirectionParallel.cpp(132,10): warning C4244: “初始化”: 从“double”转换到“int”，可能丢失数据
E:\Projects\NEPath\NEPath-master\DirectionParallel.cpp(158,10): warning C4244: “初始化”: 从“double”转换到“int”，可能丢失数据
E:\Projects\NEPath\NEPath-master\DirectionParallel.cpp(159,11): warning C4244: “初始化”: 从“double”转换到“int”，可能丢失数据
E:\Projects\NEPath\NEPath-master\DirectionParallel.cpp(173,3): warning C4267: “初始化”: 从“size_t”转换到“int”，可能丢失数据
E:\Projects\NEPath\NEPath-master\DirectionParallel.cpp(257,1): warning C4506: 内联函数“ClipperLib::cInt ContourParallel::double2cInt(const double &,double,double)”没有定义
  FileAgent.cpp
E:\Projects\NEPath\NEPath-master\FileAgent.cpp(32,42): warning C4267: “参数”: 从“size_t”转换到“int”，可能丢失数据
E:\Projects\NEPath\NEPath-master\FileAgent.cpp(66,19): warning C4267: “初始化”: 从“size_t”转换到“int”，可能丢失数据
  NEPathPlanner.cpp
E:\Projects\NEPath\NEPath-master\ContourParallel.h(26,34): warning C4244: “初始化”: 从“double”转换到“const int”，可能丢失数据
  正在生成代码...
  NEPath.vcxproj -> E:\Projects\NEPath\x64\Debug\NEPath.exe
